<?xml version="1.0" encoding="UTF-8"?>
<!-- Generated by org.testng.reporters.JUnitXMLReporter -->
<testsuite ignored="10" hostname="CO-IT022604" failures="0" tests="4" name="Surefire test" time="0.023" errors="0" timestamp="08 Nov 2022 20:43:51 GMT">
  <testcase classname="com.globant.AppTest" name="shouldAnswerWithTrue" time="0.002"/>
  <testcase classname="com.globant.DeactivateUserTest" name="TestDeactivateUser" time="0.0"/>
  <testcase classname="com.globant.LoginTest" name="TestLogin" time="0.0"/>
  <testcase classname="com.globant.LogOutTest" name="TestLogOut" time="0.0"/>
  <testcase classname="com.globant.BaseBrowser" name="@BeforeTest openTab" time="0.0">
    <ignored/>
  </testcase> <!-- @BeforeTest openTab -->
  <testcase classname="com.globant.BaseBrowser" name="@BeforeTest openTab" time="0.0">
    <ignored/>
  </testcase> <!-- @BeforeTest openTab -->
  <testcase classname="com.globant.BaseBrowser" name="@AfterTest closeTab" time="0.0">
    <ignored/>
  </testcase> <!-- @AfterTest closeTab -->
  <testcase classname="com.globant.BaseBrowser" name="@AfterTest closeTab" time="0.0">
    <ignored/>
  </testcase> <!-- @AfterTest closeTab -->
  <testcase classname="com.globant.BaseBrowser" name="@BeforeTest openBrowser" time="0.0">
    <ignored/>
  </testcase> <!-- @BeforeTest openBrowser -->
  <testcase classname="com.globant.BaseBrowser" name="@BeforeTest openWebsite" time="0.0">
    <ignored/>
  </testcase> <!-- @BeforeTest openWebsite -->
  <testcase classname="com.globant.BaseBrowser" name="@BeforeTest openBrowser" time="0.0">
    <ignored/>
  </testcase> <!-- @BeforeTest openBrowser -->
  <testcase classname="com.globant.BaseBrowser" name="@BeforeTest openWebsite" time="0.0">
    <ignored/>
  </testcase> <!-- @BeforeTest openWebsite -->
  <testcase classname="com.globant.BaseBrowser" name="@AfterTest closeBrowser" time="0.0">
    <ignored/>
  </testcase> <!-- @AfterTest closeBrowser -->
  <testcase classname="com.globant.BaseBrowser" name="@AfterTest closeBrowser" time="0.0">
    <ignored/>
  </testcase> <!-- @AfterTest closeBrowser -->
</testsuite> <!-- Surefire test -->
