<?xml version="1.0" encoding="UTF-8"?>
<testng-results ignored="10" total="15" passed="5" failed="0" skipped="0">
  <reporter-output>
  </reporter-output>
  <suite started-at="2022-11-08T20:35:51Z" name="Surefire suite" finished-at="2022-11-08T20:35:51Z" duration-ms="24">
    <groups>
      <group name="Deactivation">
        <method signature="DeactivateUserTest.TestDeactivateUser(java.lang.String, java.lang.String)[pri:0, instance:com.globant.DeactivateUserTest@479d31f3]" name="TestDeactivateUser" class="com.globant.DeactivateUserTest"/>
      </group> <!-- Deactivation -->
      <group name="Logout">
        <method signature="LogOutTest.TestLogOut(java.lang.String, java.lang.String)[pri:0, instance:com.globant.LogOutTest@6e171cd7]" name="TestLogOut" class="com.globant.LogOutTest"/>
      </group> <!-- Logout -->
      <group name="Login">
        <method signature="LoginTest.IncorrectLogIn(java.lang.String, java.lang.String)[pri:0, instance:com.globant.LoginTest@498d318c]" name="IncorrectLogIn" class="com.globant.LoginTest"/>
        <method signature="LoginTest.TestLogin(java.lang.String, java.lang.String)[pri:0, instance:com.globant.LoginTest@498d318c]" name="TestLogin" class="com.globant.LoginTest"/>
      </group> <!-- Login -->
    </groups>
    <test started-at="2022-11-08T20:35:51Z" name="Surefire test" finished-at="2022-11-08T20:35:51Z" duration-ms="24">
      <class name="com.globant.DeactivateUserTest">
        <test-method is-config="true" signature="openBrowser()[pri:0, instance:com.globant.DeactivateUserTest@479d31f3]" started-at="2022-11-08T20:35:51Z" name="openBrowser" finished-at="2022-11-08T20:35:51Z" duration-ms="7" status="PASS">
          <reporter-output>
          </reporter-output>
        </test-method> <!-- openBrowser -->
        <test-method is-config="true" signature="openTab()[pri:0, instance:com.globant.DeactivateUserTest@479d31f3]" started-at="2022-11-08T20:35:51Z" name="openTab" finished-at="2022-11-08T20:35:51Z" duration-ms="0" status="PASS">
          <reporter-output>
          </reporter-output>
        </test-method> <!-- openTab -->
        <test-method is-config="true" signature="openWebsite()[pri:0, instance:com.globant.DeactivateUserTest@479d31f3]" started-at="2022-11-08T20:35:51Z" name="openWebsite" finished-at="2022-11-08T20:35:51Z" duration-ms="0" status="PASS">
          <reporter-output>
          </reporter-output>
        </test-method> <!-- openWebsite -->
        <test-method signature="TestDeactivateUser(java.lang.String, java.lang.String)[pri:0, instance:com.globant.DeactivateUserTest@479d31f3]" started-at="2022-11-08T20:35:51Z" name="TestDeactivateUser" data-provider="correctLogin" finished-at="2022-11-08T20:35:51Z" duration-ms="0" status="PASS">
          <params>
            <param index="0">
              <value>
                <![CDATA[correctEmail@email.com]]>
              </value>
            </param>
            <param index="1">
              <value>
                <![CDATA[correctPassword]]>
              </value>
            </param>
          </params>
          <reporter-output>
          </reporter-output>
        </test-method> <!-- TestDeactivateUser -->
        <test-method is-config="true" signature="closeBrowser()[pri:0, instance:com.globant.DeactivateUserTest@479d31f3]" started-at="2022-11-08T20:35:51Z" name="closeBrowser" finished-at="2022-11-08T20:35:51Z" duration-ms="0" status="PASS">
          <reporter-output>
          </reporter-output>
        </test-method> <!-- closeBrowser -->
        <test-method is-config="true" signature="closeTab()[pri:0, instance:com.globant.DeactivateUserTest@479d31f3]" started-at="2022-11-08T20:35:51Z" name="closeTab" finished-at="2022-11-08T20:35:51Z" duration-ms="0" status="PASS">
          <reporter-output>
          </reporter-output>
        </test-method> <!-- closeTab -->
      </class> <!-- com.globant.DeactivateUserTest -->
      <class name="com.globant.LoginTest">
        <test-method signature="IncorrectLogIn(java.lang.String, java.lang.String)[pri:0, instance:com.globant.LoginTest@498d318c]" started-at="2022-11-08T20:35:51Z" name="IncorrectLogIn" data-provider="incorrectLogin" finished-at="2022-11-08T20:35:51Z" duration-ms="0" status="PASS">
          <params>
            <param index="0">
              <value>
                <![CDATA[incorrectEmail@email.com]]>
              </value>
            </param>
            <param index="1">
              <value>
                <![CDATA[incorrectPassword]]>
              </value>
            </param>
          </params>
          <reporter-output>
          </reporter-output>
        </test-method> <!-- IncorrectLogIn -->
        <test-method signature="TestLogin(java.lang.String, java.lang.String)[pri:0, instance:com.globant.LoginTest@498d318c]" started-at="2022-11-08T20:35:51Z" name="TestLogin" data-provider="correctLogin" finished-at="2022-11-08T20:35:51Z" duration-ms="0" status="PASS">
          <params>
            <param index="0">
              <value>
                <![CDATA[correctEmail@email.com]]>
              </value>
            </param>
            <param index="1">
              <value>
                <![CDATA[correctPassword]]>
              </value>
            </param>
          </params>
          <reporter-output>
          </reporter-output>
        </test-method> <!-- TestLogin -->
      </class> <!-- com.globant.LoginTest -->
      <class name="com.globant.AppTest">
        <test-method signature="shouldAnswerWithTrue()[pri:0, instance:com.globant.AppTest@40ef3420]" started-at="2022-11-08T20:35:51Z" name="shouldAnswerWithTrue" finished-at="2022-11-08T20:35:51Z" duration-ms="1" status="PASS">
          <reporter-output>
          </reporter-output>
        </test-method> <!-- shouldAnswerWithTrue -->
      </class> <!-- com.globant.AppTest -->
      <class name="com.globant.LogOutTest">
        <test-method signature="TestLogOut(java.lang.String, java.lang.String)[pri:0, instance:com.globant.LogOutTest@6e171cd7]" started-at="2022-11-08T20:35:51Z" name="TestLogOut" data-provider="correctLogin" finished-at="2022-11-08T20:35:51Z" duration-ms="0" status="PASS">
          <params>
            <param index="0">
              <value>
                <![CDATA[correctEmail@email.com]]>
              </value>
            </param>
            <param index="1">
              <value>
                <![CDATA[correctPassword]]>
              </value>
            </param>
          </params>
          <reporter-output>
          </reporter-output>
        </test-method> <!-- TestLogOut -->
      </class> <!-- com.globant.LogOutTest -->
    </test> <!-- Surefire test -->
  </suite> <!-- Surefire suite -->
</testng-results>
